<?xml version="1.0" encoding="UTF-8"?>
<!-- Generated by org.testng.reporters.JUnitReportReporter -->
<testsuite hostname="Sanagapalli" failures="0" tests="1" name="test.PostApi" time="1.648" errors="0" timestamp="2025-01-04T01:00:31 IST" skipped="0">
  <testcase classname="test.PostApi" name="login" time="1.648"/>
</testsuite> <!-- test.PostApi -->
